<?xml version="1.0" encoding="UTF-8"?>
<!-- Generated by org.testng.reporters.JUnitXMLReporter -->
<testsuite hostname="DESKTOP-PDTQVS4" ignored="0" name="Default test" tests="3" failures="0" timestamp="14 Apr 2018 10:27:09 GMT" time="55.618" errors="0">
  <testcase name="loginPageTitle" time="0.152" classname="com.crm.testcases.Verify_Login_Logout"/>
  <testcase name="crmImageLogo" time="0.467" classname="com.crm.testcases.Verify_Login_Logout"/>
  <testcase name="login" time="7.52" classname="com.crm.testcases.Verify_Login_Logout"/>
</testsuite> <!-- Default test -->
